[ 2016-11-17T19:55:31+08:00 ]EXCEPTION: app\home\controller\Incartr 不存在
[ 2016-11-17T19:57:37+08:00 ]EXCEPTION: app\home\controller\Incartr 不存在
[ 2016-11-17T22:37:56+08:00 ]EXCEPTION: Method app\home\controller\Order::save() does not exist
[ 2016-11-17T22:41:33+08:00 ]EXCEPTION: Method app\home\controller\Order::save() does not exist
[ 2016-11-17T22:41:35+08:00 ]EXCEPTION: Method app\home\controller\Order::save() does not exist
[ 2016-11-17T22:41:37+08:00 ]EXCEPTION: Method app\home\controller\Order::save() does not exist
[ 2016-11-17T22:42:04+08:00 ]EXCEPTION: Method app\home\controller\Order::save() does not exist
[ 2016-11-17T22:42:34+08:00 ]EXCEPTION: Method app\home\controller\Order::save() does not exist
[ 2016-11-17T22:42:44+08:00 ]EXCEPTION: Method app\home\controller\Order::save() does not exist
[ 2016-11-17T22:43:07+08:00 ]EXCEPTION: Method app\home\controller\Order::save() does not exist
[ 2016-11-17T22:43:28+08:00 ]EXCEPTION: Method app\home\controller\Order::save() does not exist
[ 2016-11-17T22:45:20+08:00 ]EXCEPTION: Method app\home\controller\Order::save() does not exist
[ 2016-11-17T22:45:38+08:00 ]EXCEPTION: Method app\home\controller\Order::save() does not exist
[ 2016-11-17T22:45:43+08:00 ]EXCEPTION: Method app\home\controller\Order::save() does not exist
[ 2016-11-17T22:46:02+08:00 ]EXCEPTION: Method app\home\controller\Order::save() does not exist
[ 2016-11-17T22:46:29+08:00 ]EXCEPTION: Method app\home\controller\Order::save() does not exist
[ 2016-11-17T22:46:50+08:00 ]EXCEPTION: Method app\home\controller\Order::save() does not exist
[ 2016-11-17T23:54:06+08:00 ]EXCEPTION: SELECT * FROM address  WHERE aiid = ?     ;BindParams:array (
  1 => '3',
)42S22;1054;Unknown column 'aiid' in 'where clause'
[ 2016-11-17T23:56:20+08:00 ]EXCEPTION: SELECT * FROM address  WHERE aiid = ?     ;BindParams:array (
  1 => '3',
)42S22;1054;Unknown column 'aiid' in 'where clause'
[ 2016-11-17T23:56:54+08:00 ]EXCEPTION: INSERT INTO orders (`number`,`consignee`) VALUES(?,?) ;BindParams:array (
  1 => NULL,
  2 => 'SDF',
)23000;1048;Column 'number' cannot be null
[ 2016-11-17T23:58:17+08:00 ]EXCEPTION: INSERT INTO orders (`number`,`consignee`) VALUES(?,?) ;BindParams:array (
  1 => NULL,
  2 => 'SDF',
)23000;1048;Column 'number' cannot be null
