[ 2016-11-18T00:03:22+08:00 ]EXCEPTION: INSERT INTO orders (`number`,`consignee`,`address`) VALUES(?,?,?) ;BindParams:array (
  1 => 1479398602,
  2 => NULL,
  3 => '',
)23000;1048;Column 'consignee' cannot be null
[ 2016-11-18T01:21:20+08:00 ]EXCEPTION: INSERT INTO orders (`number`,`consignee`,`address`,`mobile`,`total`,`time`,`uid`) VALUES(?,?,?,?,?,?,?) ;BindParams:array (
  1 => '14794032803',
  2 => 'ET',
  3 => '北京北京东城区TER',
  4 => 'ETR',
  5 => NULL,
  6 => 1479403280,
  7 => '3',
)23000;1048;Column 'total' cannot be null
[ 2016-11-18T01:23:04+08:00 ]EXCEPTION: INSERT INTO orders (`number`,`consignee`,`address`,`mobile`,`total`,`time`,`uid`) VALUES(?,?,?,?,?,?,?) ;BindParams:array (
  1 => '14794033843',
  2 => 'ET',
  3 => '北京北京东城区TER',
  4 => 'ETR',
  5 => NULL,
  6 => 1479403384,
  7 => '3',
)23000;1048;Column 'total' cannot be null
[ 2016-11-18T01:23:50+08:00 ]EXCEPTION: INSERT INTO orders (`number`,`consignee`,`address`,`mobile`,`total`,`time`,`uid`) VALUES(?,?,?,?,?,?,?) ;BindParams:array (
  1 => '14794034303',
  2 => 'ET',
  3 => '北京北京东城区TER',
  4 => 'ETR',
  5 => NULL,
  6 => 1479403430,
  7 => '3',
)23000;1048;Column 'total' cannot be null
[ 2016-11-18T01:26:02+08:00 ]EXCEPTION: INSERT INTO orders (`number`,`consignee`,`address`,`mobile`,`total`,`time`,`uid`) VALUES(?,?,?,?,?,?,?) ;BindParams:array (
  1 => '14794035623',
  2 => 'ET',
  3 => '北京北京东城区TER',
  4 => 'ETR',
  5 => NULL,
  6 => 1479403562,
  7 => '3',
)23000;1048;Column 'total' cannot be null
[ 2016-11-18T16:35:47+08:00 ]EXCEPTION: SELECT * FROM Orders Orders INNER JOIN Order_list Order_list ON Orders.oid = Order_list.oid  INNER JOIN goods_list goods_list ON Orders.glid = goods_list.glid WHERE uid = ?     ;BindParams:array (
  1 => '3',
)42S22;1054;Unknown column 'Orders.glid' in 'on clause'
[ 2016-11-18T16:38:33+08:00 ]EXCEPTION: SELECT * FROM Orders Orders INNER JOIN Order_list Order_list ON Orders.oid = Order_list.oid  INNER JOIN goods_list goods_list ON Order_list.glid = goods_list.glid  INNER JOIN goods goods ON Orders.gid = goods.gid WHERE uid = ?     ;BindParams:array (
  1 => '3',
)42S22;1054;Unknown column 'Orders.gid' in 'on clause'
[ 2016-11-18T17:32:23+08:00 ]EXCEPTION: SELECT * FROM Orders Orders INNER JOIN goods_list goods_list ON Order_list.glid = goods_list.glid  INNER JOIN goods goods ON Order_list.gid = goods.gid WHERE oid = ?     ;BindParams:array (
  1 => '28',
)42S22;1054;Unknown column 'Order_list.glid' in 'on clause'
[ 2016-11-18T23:31:46+08:00 ]EXCEPTION: SELECT cname FROM category  WHERE pid = ?   ORDER BY cid  ASC LIMIT  ,6 ;BindParams:array (
  1 => 0,
)42000;1064;You have an error in your SQL syntax; check the manual that corresponds to your MySQL server version for the right syntax to use near '6' at line 1
[ 2016-11-18T23:32:06+08:00 ]EXCEPTION: SELECT cname FROM category  WHERE pid = ?   ORDER BY cid  ASC LIMIT  ,6 ;BindParams:array (
  1 => 0,
)42000;1064;You have an error in your SQL syntax; check the manual that corresponds to your MySQL server version for the right syntax to use near '6' at line 1
[ 2016-11-18T23:35:27+08:00 ]EXCEPTION: SELECT cname FROM category  WHERE pid = ?   ORDER BY cid  ASC LIMIT  ,6 ;BindParams:array (
  1 => 0,
)42000;1064;You have an error in your SQL syntax; check the manual that corresponds to your MySQL server version for the right syntax to use near '6' at line 1
