[ 2016-11-21T11:06:43+08:00 ]EXCEPTION: show columns from orderss ;BindParams:array (
)42S02;1146;Table 'suning.orderss' doesn't exist
[ 2016-11-21T11:07:20+08:00 ]EXCEPTION: show columns from orderss ;BindParams:array (
)42S02;1146;Table 'suning.orderss' doesn't exist
[ 2016-11-21T11:07:37+08:00 ]EXCEPTION: show columns from orderss ;BindParams:array (
)42S02;1146;Table 'suning.orderss' doesn't exist
[ 2016-11-21T11:07:44+08:00 ]EXCEPTION: show columns from orderss ;BindParams:array (
)42S02;1146;Table 'suning.orderss' doesn't exist
[ 2016-11-21T12:30:07+08:00 ]EXCEPTION: app\home\controller\Enter 不存在
[ 2016-11-21T12:30:12+08:00 ]EXCEPTION: app\home\controller\Enter 不存在
[ 2016-11-21T13:10:39+08:00 ]EXCEPTION: Method app\admin\controller\Shops::chenged() does not exist
[ 2016-11-21T13:18:46+08:00 ]EXCEPTION: UPDATE orders  WHERE oid = ? ;BindParams:array (
  1 => '35',
)42000;1064;You have an error in your SQL syntax; check the manual that corresponds to your MySQL server version for the right syntax to use near 'WHERE oid = '35'' at line 1
[ 2016-11-21T13:18:50+08:00 ]EXCEPTION: UPDATE orders  WHERE oid = ? ;BindParams:array (
  1 => '34',
)42000;1064;You have an error in your SQL syntax; check the manual that corresponds to your MySQL server version for the right syntax to use near 'WHERE oid = '34'' at line 1
[ 2016-11-21T13:19:05+08:00 ]EXCEPTION: UPDATE orders  WHERE oid = ? ;BindParams:array (
  1 => '35',
)42000;1064;You have an error in your SQL syntax; check the manual that corresponds to your MySQL server version for the right syntax to use near 'WHERE oid = '35'' at line 1
[ 2016-11-21T21:28:55+08:00 ]EXCEPTION: SELECT * FROM user  WHERE aid = ?     ;BindParams:array (
  1 => '1',
)42S22;1054;Unknown column 'aid' in 'where clause'
[ 2016-11-21T21:46:36+08:00 ]EXCEPTION: SELECT * FROM user  WHERE aid = ?     ;BindParams:array (
  1 => '1',
)42S22;1054;Unknown column 'aid' in 'where clause'
[ 2016-11-21T21:46:42+08:00 ]EXCEPTION: SELECT * FROM user  WHERE aid = ?     ;BindParams:array (
  1 => '1',
)42S22;1054;Unknown column 'aid' in 'where clause'
[ 2016-11-21T21:47:49+08:00 ]EXCEPTION: SELECT * FROM user  WHERE aid = ?     ;BindParams:array (
  1 => '1',
)42S22;1054;Unknown column 'aid' in 'where clause'
[ 2016-11-21T21:50:33+08:00 ]EXCEPTION: SELECT n.id,n.name,n.pid,n.level,n.title,n.show FROM user_role ur JOIN role r ON ur.role_id = r.id  JOIN access a ON a.role_id=r.id  JOIN node n ON n.id = a.node_id WHERE ur.user_id=2 AND n.status=1 AND r.status=1 GROUP BY a.node_id ORDER BY n.sort ASC ;BindParams:array (
)42S02;1146;Table 'suning.user_role' doesn't exist
[ 2016-11-21T21:50:49+08:00 ]EXCEPTION: SELECT n.id,n.name,n.pid,n.level,n.title,n.show FROM user_role ur JOIN role r ON ur.role_id = r.id  JOIN access a ON a.role_id=r.id  JOIN node n ON n.id = a.node_id WHERE ur.user_id=2 AND n.status=1 AND r.status=1 GROUP BY a.node_id ORDER BY n.sort ASC ;BindParams:array (
)42S02;1146;Table 'suning.user_role' doesn't exist
[ 2016-11-21T21:57:47+08:00 ]EXCEPTION: SELECT n.id,n.name,n.pid,n.level,n.title,n.show FROM user_role ur JOIN role r ON ur.role_id = r.id  JOIN access a ON a.role_id=r.id  JOIN node n ON n.id = a.node_id WHERE ur.user_id=2 AND n.status=1 AND r.status=1 GROUP BY a.node_id ORDER BY n.sort ASC ;BindParams:array (
)42S02;1146;Table 'suning.user_role' doesn't exist
[ 2016-11-21T21:57:52+08:00 ]EXCEPTION: SELECT n.id,n.name,n.pid,n.level,n.title,n.show FROM user_role ur JOIN role r ON ur.role_id = r.id  JOIN access a ON a.role_id=r.id  JOIN node n ON n.id = a.node_id WHERE ur.user_id=2 AND n.status=1 AND r.status=1 GROUP BY a.node_id ORDER BY n.sort ASC ;BindParams:array (
)42S02;1146;Table 'suning.user_role' doesn't exist
[ 2016-11-21T21:57:57+08:00 ]EXCEPTION: SELECT n.id,n.name,n.pid,n.level,n.title,n.show FROM user_role ur JOIN role r ON ur.role_id = r.id  JOIN access a ON a.role_id=r.id  JOIN node n ON n.id = a.node_id WHERE ur.user_id=2 AND n.status=1 AND r.status=1 GROUP BY a.node_id ORDER BY n.sort ASC ;BindParams:array (
)42S02;1146;Table 'suning.user_role' doesn't exist
[ 2016-11-21T21:58:04+08:00 ]EXCEPTION: app\home\controller\Admin 不存在
[ 2016-11-21T21:58:53+08:00 ]EXCEPTION: SELECT n.id,n.name,n.pid,n.level,n.title,n.show FROM user_role ur JOIN role r ON ur.role_id = r.id  JOIN access a ON a.role_id=r.id  JOIN node n ON n.id = a.node_id WHERE ur.user_id=2 AND n.status=1 AND r.status=1 GROUP BY a.node_id ORDER BY n.sort ASC ;BindParams:array (
)42S02;1146;Table 'suning.user_role' doesn't exist
[ 2016-11-21T22:00:34+08:00 ]EXCEPTION: SELECT n.id,n.name,n.pid,n.level,n.title,n.show FROM user_role ur JOIN role r ON ur.role_id = r.id  JOIN access a ON a.role_id=r.id  JOIN node n ON n.id = a.node_id WHERE ur.user_id=2 AND n.status=1 AND r.status=1 GROUP BY a.node_id ORDER BY n.sort ASC ;BindParams:array (
)42S02;1146;Table 'suning.user_role' doesn't exist
[ 2016-11-21T22:00:52+08:00 ]EXCEPTION: SELECT n.id,n.name,n.pid,n.level,n.title,n.show FROM user_role ur JOIN role r ON ur.role_id = r.id  JOIN access a ON a.role_id=r.id  JOIN node n ON n.id = a.node_id WHERE ur.user_id=2 AND n.status=1 AND r.status=1 GROUP BY a.node_id ORDER BY n.sort ASC ;BindParams:array (
)42S02;1146;Table 'suning.user_role' doesn't exist
[ 2016-11-21T22:01:01+08:00 ]EXCEPTION: SELECT n.id,n.name,n.pid,n.level,n.title,n.show FROM user_role ur JOIN role r ON ur.role_id = r.id  JOIN access a ON a.role_id=r.id  JOIN node n ON n.id = a.node_id WHERE ur.user_id=2 AND n.status=1 AND r.status=1 GROUP BY a.node_id ORDER BY n.sort ASC ;BindParams:array (
)42S02;1146;Table 'suning.user_role' doesn't exist
[ 2016-11-21T22:01:38+08:00 ]EXCEPTION: SELECT n.id,n.name,n.pid,n.level,n.title,n.show FROM user_role ur JOIN role r ON ur.role_id = r.id  JOIN access a ON a.role_id=r.id  JOIN node n ON n.id = a.node_id WHERE ur.user_id=2 AND n.status=1 AND r.status=1 GROUP BY a.node_id ORDER BY n.sort ASC ;BindParams:array (
)42S02;1146;Table 'suning.user_role' doesn't exist
[ 2016-11-21T22:01:42+08:00 ]EXCEPTION: SELECT n.id,n.name,n.pid,n.level,n.title,n.show FROM user_role ur JOIN role r ON ur.role_id = r.id  JOIN access a ON a.role_id=r.id  JOIN node n ON n.id = a.node_id WHERE ur.user_id=2 AND n.status=1 AND r.status=1 GROUP BY a.node_id ORDER BY n.sort ASC ;BindParams:array (
)42S02;1146;Table 'suning.user_role' doesn't exist
[ 2016-11-21T22:01:45+08:00 ]EXCEPTION: SELECT n.id,n.name,n.pid,n.level,n.title,n.show FROM user_role ur JOIN role r ON ur.role_id = r.id  JOIN access a ON a.role_id=r.id  JOIN node n ON n.id = a.node_id WHERE ur.user_id=2 AND n.status=1 AND r.status=1 GROUP BY a.node_id ORDER BY n.sort ASC ;BindParams:array (
)42S02;1146;Table 'suning.user_role' doesn't exist
[ 2016-11-21T22:01:55+08:00 ]EXCEPTION: SELECT n.id,n.name,n.pid,n.level,n.title,n.show FROM user_role ur JOIN role r ON ur.role_id = r.id  JOIN access a ON a.role_id=r.id  JOIN node n ON n.id = a.node_id WHERE ur.user_id=2 AND n.status=1 AND r.status=1 GROUP BY a.node_id ORDER BY n.sort ASC ;BindParams:array (
)42S02;1146;Table 'suning.user_role' doesn't exist
[ 2016-11-21T22:05:17+08:00 ]EXCEPTION: SELECT n.id,n.name,n.pid,n.level,n.title,n.show FROM user_role ur JOIN role r ON ur.role_id = r.id  JOIN access a ON a.role_id=r.id  JOIN node n ON n.id = a.node_id WHERE ur.user_id=2 AND n.status=1 AND r.status=1 GROUP BY a.node_id ORDER BY n.sort ASC ;BindParams:array (
)42S02;1146;Table 'suning.user_role' doesn't exist
[ 2016-11-21T22:05:22+08:00 ]EXCEPTION: SELECT n.id,n.name,n.pid,n.level,n.title,n.show FROM user_role ur JOIN role r ON ur.role_id = r.id  JOIN access a ON a.role_id=r.id  JOIN node n ON n.id = a.node_id WHERE ur.user_id=2 AND n.status=1 AND r.status=1 GROUP BY a.node_id ORDER BY n.sort ASC ;BindParams:array (
)42S02;1146;Table 'suning.user_role' doesn't exist
[ 2016-11-21T22:05:27+08:00 ]EXCEPTION: SELECT n.id,n.name,n.pid,n.level,n.title,n.show FROM user_role ur JOIN role r ON ur.role_id = r.id  JOIN access a ON a.role_id=r.id  JOIN node n ON n.id = a.node_id WHERE ur.user_id=2 AND n.status=1 AND r.status=1 GROUP BY a.node_id ORDER BY n.sort ASC ;BindParams:array (
)42S02;1146;Table 'suning.user_role' doesn't exist
[ 2016-11-21T22:05:35+08:00 ]EXCEPTION: SELECT n.id,n.name,n.pid,n.level,n.title,n.show FROM user_role ur JOIN role r ON ur.role_id = r.id  JOIN access a ON a.role_id=r.id  JOIN node n ON n.id = a.node_id WHERE ur.user_id=2 AND n.status=1 AND r.status=1 GROUP BY a.node_id ORDER BY n.sort ASC ;BindParams:array (
)42S02;1146;Table 'suning.user_role' doesn't exist
[ 2016-11-21T22:05:39+08:00 ]EXCEPTION: SELECT n.id,n.name,n.pid,n.level,n.title,n.show FROM user_role ur JOIN role r ON ur.role_id = r.id  JOIN access a ON a.role_id=r.id  JOIN node n ON n.id = a.node_id WHERE ur.user_id=2 AND n.status=1 AND r.status=1 GROUP BY a.node_id ORDER BY n.sort ASC ;BindParams:array (
)42S02;1146;Table 'suning.user_role' doesn't exist
[ 2016-11-21T22:06:20+08:00 ]EXCEPTION: SELECT n.id,n.name,n.pid,n.level,n.title,n.show FROM user_role ur JOIN role r ON ur.role_id = r.id  JOIN access a ON a.role_id=r.id  JOIN node n ON n.id = a.node_id WHERE ur.user_id=2 AND n.status=1 AND r.status=1 GROUP BY a.node_id ORDER BY n.sort ASC ;BindParams:array (
)42S02;1146;Table 'suning.user_role' doesn't exist
[ 2016-11-21T22:17:10+08:00 ]EXCEPTION: SELECT n.id,n.name,n.pid,n.level,n.title,n.show FROM user_role ur JOIN role r ON ur.role_id = r.id  JOIN access a ON a.role_id=r.id  JOIN node n ON n.id = a.node_id WHERE ur.user_id=2 AND n.status=1 AND r.status=1 GROUP BY a.node_id ORDER BY n.sort ASC ;BindParams:array (
)42S02;1146;Table 'suning.user_role' doesn't exist
[ 2016-11-21T22:23:10+08:00 ]EXCEPTION: SELECT n.id,n.name,n.pid,n.level,n.title,n.show FROM user_role ur JOIN role r ON ur.role_id = r.id  JOIN access a ON a.role_id=r.id  JOIN node n ON n.id = a.node_id WHERE ur.user_id=2 AND n.status=1 AND r.status=1 GROUP BY a.node_id ORDER BY n.sort ASC ;BindParams:array (
)42S02;1146;Table 'suning.user_role' doesn't exist
[ 2016-11-21T22:23:57+08:00 ]EXCEPTION: SELECT n.id,n.name,n.pid,n.level,n.title,n.show FROM user_role ur JOIN role r ON ur.role_id = r.id  JOIN access a ON a.role_id=r.id  JOIN node n ON n.id = a.node_id WHERE ur.user_id=2 AND n.status=1 AND r.status=1 GROUP BY a.node_id ORDER BY n.sort ASC ;BindParams:array (
)42S02;1146;Table 'suning.user_role' doesn't exist
[ 2016-11-21T22:24:08+08:00 ]EXCEPTION: SELECT n.id,n.name,n.pid,n.level,n.title,n.show FROM user_role ur JOIN role r ON ur.role_id = r.id  JOIN access a ON a.role_id=r.id  JOIN node n ON n.id = a.node_id WHERE ur.user_id=2 AND n.status=1 AND r.status=1 GROUP BY a.node_id ORDER BY n.sort ASC ;BindParams:array (
)42S02;1146;Table 'suning.user_role' doesn't exist
[ 2016-11-21T22:24:18+08:00 ]EXCEPTION: SELECT n.id,n.name,n.pid,n.level,n.title,n.show FROM user_role ur JOIN role r ON ur.role_id = r.id  JOIN access a ON a.role_id=r.id  JOIN node n ON n.id = a.node_id WHERE ur.user_id=2 AND n.status=1 AND r.status=1 GROUP BY a.node_id ORDER BY n.sort ASC ;BindParams:array (
)42S02;1146;Table 'suning.user_role' doesn't exist
[ 2016-11-21T22:24:23+08:00 ]EXCEPTION: SELECT n.id,n.name,n.pid,n.level,n.title,n.show FROM user_role ur JOIN role r ON ur.role_id = r.id  JOIN access a ON a.role_id=r.id  JOIN node n ON n.id = a.node_id WHERE ur.user_id=2 AND n.status=1 AND r.status=1 GROUP BY a.node_id ORDER BY n.sort ASC ;BindParams:array (
)42S02;1146;Table 'suning.user_role' doesn't exist
[ 2016-11-21T22:25:47+08:00 ]EXCEPTION: SELECT n.id,n.name,n.pid,n.level,n.title,n.show FROM user_role ur JOIN role r ON ur.role_id = r.id  JOIN access a ON a.role_id=r.id  JOIN node n ON n.id = a.node_id WHERE ur.user_id=2 AND n.status=1 AND r.status=1 GROUP BY a.node_id ORDER BY n.sort ASC ;BindParams:array (
)42S02;1146;Table 'suning.user_role' doesn't exist
[ 2016-11-21T22:30:53+08:00 ]EXCEPTION: SELECT n.id,n.name,n.pid,n.level,n.title,n.show FROM user_role ur JOIN role r ON ur.role_id = r.id  JOIN access a ON a.role_id=r.id  JOIN node n ON n.id = a.node_id WHERE ur.user_id=2 AND n.status=1 AND r.status=1 GROUP BY a.node_id ORDER BY n.sort ASC ;BindParams:array (
)42S02;1146;Table 'suning.user_role' doesn't exist
[ 2016-11-21T22:31:06+08:00 ]EXCEPTION: SELECT n.id,n.name,n.pid,n.level,n.title,n.show FROM user_role ur JOIN role r ON ur.role_id = r.id  JOIN access a ON a.role_id=r.id  JOIN node n ON n.id = a.node_id WHERE ur.user_id=2 AND n.status=1 AND r.status=1 GROUP BY a.node_id ORDER BY n.sort ASC ;BindParams:array (
)42S02;1146;Table 'suning.user_role' doesn't exist
[ 2016-11-21T22:31:11+08:00 ]EXCEPTION: SELECT n.id,n.name,n.pid,n.level,n.title,n.show FROM user_role ur JOIN role r ON ur.role_id = r.id  JOIN access a ON a.role_id=r.id  JOIN node n ON n.id = a.node_id WHERE ur.user_id=2 AND n.status=1 AND r.status=1 GROUP BY a.node_id ORDER BY n.sort ASC ;BindParams:array (
)42S02;1146;Table 'suning.user_role' doesn't exist
[ 2016-11-21T22:31:16+08:00 ]EXCEPTION: SELECT n.id,n.name,n.pid,n.level,n.title,n.show FROM user_role ur JOIN role r ON ur.role_id = r.id  JOIN access a ON a.role_id=r.id  JOIN node n ON n.id = a.node_id WHERE ur.user_id=2 AND n.status=1 AND r.status=1 GROUP BY a.node_id ORDER BY n.sort ASC ;BindParams:array (
)42S02;1146;Table 'suning.user_role' doesn't exist
[ 2016-11-21T22:33:57+08:00 ]EXCEPTION: SELECT n.id,n.name,n.pid,n.level,n.title,n.show FROM user_role ur JOIN role r ON ur.role_id = r.id  JOIN access a ON a.role_id=r.id  JOIN node n ON n.id = a.node_id WHERE ur.user_id=2 AND n.status=1 AND r.status=1 GROUP BY a.node_id ORDER BY n.sort ASC ;BindParams:array (
)42S02;1146;Table 'suning.user_role' doesn't exist
[ 2016-11-21T22:34:52+08:00 ]EXCEPTION: SELECT n.id,n.name,n.pid,n.level,n.title,n.show FROM user_role ur JOIN role r ON ur.role_id = r.id  JOIN access a ON a.role_id=r.id  JOIN node n ON n.id = a.node_id WHERE ur.user_id=2 AND n.status=1 AND r.status=1 GROUP BY a.node_id ORDER BY n.sort ASC ;BindParams:array (
)42S02;1146;Table 'suning.user_role' doesn't exist
[ 2016-11-21T23:22:26+08:00 ]EXCEPTION: select * from goods where title like ? ;BindParams:array (
  1 => '%红米%',
)42S22;1054;Unknown column 'title' in 'where clause'
