[ 2016-11-11T14:05:40+08:00 ]EXCEPTION: SELECT * FROM detail  WHERE  = ?     ;BindParams:array (
  1 => '25',
)42000;1064;Erreur de syntaxe près de '= '25'' à la ligne 1
[ 2016-11-11T14:06:50+08:00 ]EXCEPTION: SELECT * FROM detail  WHERE  = ?     ;BindParams:array (
  1 => '25',
)42000;1064;Erreur de syntaxe près de '= '25'' à la ligne 1
[ 2016-11-11T14:07:13+08:00 ]EXCEPTION: Method app\admin\controller\Goods::add() does not exist
[ 2016-11-11T14:07:28+08:00 ]EXCEPTION: SELECT * FROM detail  WHERE  = ?     ;BindParams:array (
  1 => '25',
)42000;1064;Erreur de syntaxe près de '= '25'' à la ligne 1
[ 2016-11-11T14:08:10+08:00 ]EXCEPTION: Method app\admin\controller\Goods::add() does not exist
[ 2016-11-11T14:10:06+08:00 ]EXCEPTION: SELECT * FROM detail  WHERE  = ?     ;BindParams:array (
  1 => '22',
)42000;1064;Erreur de syntaxe près de '= '22'' à la ligne 1
[ 2016-11-11T14:11:15+08:00 ]EXCEPTION: SELECT * FROM detail  WHERE  = ?     ;BindParams:array (
  1 => '22',
)42000;1064;Erreur de syntaxe près de '= '22'' à la ligne 1
[ 2016-11-11T14:13:47+08:00 ]EXCEPTION: SELECT * FROM detail  WHERE  = ?     ;BindParams:array (
  1 => '22',
)42000;1064;Erreur de syntaxe près de '= '22'' à la ligne 1
[ 2016-11-11T17:00:13+08:00 ]EXCEPTION: INSERT INTO goods (`gname`,`gnumber`,`unit`,`marketprice`,`shopprice`,`pic`,`click`,`total`,`aid`,`bid`,`cid`,`tid`,`time`) VALUES(?,?,?,?,?,?,?,?,?,?,?,?,?) ;BindParams:array (
  1 => '1',
  2 => '1',
  3 => '1',
  4 => NULL,
  5 => '1',
  6 => 'attachment/2016/11/09/43141478700223.jpg',
  7 => '1',
  8 => '1',
  9 => 1,
  10 => '0',
  11 => '96',
  12 => '1',
  13 => 1478854813,
)23000;1048;Le champ 'marketprice' ne peut être vide (null)
[ 2016-11-11T17:05:42+08:00 ]EXCEPTION: Method app\admin\controller\GoodsList::edit() does not exist
[ 2016-11-11T17:31:00+08:00 ]EXCEPTION: show columns from goodslist ;BindParams:array (
)42S02;1146;La table 'suning.goodslist' n'existe pas
[ 2016-11-11T17:31:13+08:00 ]EXCEPTION: show columns from goodslist ;BindParams:array (
)42S02;1146;La table 'suning.goodslist' n'existe pas
[ 2016-11-11T17:31:35+08:00 ]EXCEPTION: 模板不存在:d:\wamp\www\liu.y.n\suning/app/admin/view/goodslist/data.php
[ 2016-11-11T17:32:55+08:00 ]EXCEPTION: 模板不存在:d:\wamp\www\liu.y.n\suning/app/admin/view/goodslist/data.php
[ 2016-11-11T17:33:34+08:00 ]EXCEPTION: 模板不存在:d:\wamp\www\liu.y.n\suning/app/admin/view/goodslist/data.php
[ 2016-11-11T17:33:36+08:00 ]EXCEPTION: 模板不存在:d:\wamp\www\liu.y.n\suning/app/admin/view/goodslist/data.php
[ 2016-11-11T17:33:37+08:00 ]EXCEPTION: 模板不存在:d:\wamp\www\liu.y.n\suning/app/admin/view/goodslist/data.php
[ 2016-11-11T17:33:38+08:00 ]EXCEPTION: 模板不存在:d:\wamp\www\liu.y.n\suning/app/admin/view/goodslist/data.php
[ 2016-11-11T17:33:43+08:00 ]EXCEPTION: 模板不存在:d:\wamp\www\liu.y.n\suning/app/admin/view/goodslist/data.php
[ 2016-11-11T17:34:32+08:00 ]EXCEPTION: 模板不存在:d:\wamp\www\liu.y.n\suning/app/admin/view/goodslist/data.php
