[ 2016-11-08T13:25:46+08:00 ]EXCEPTION: Method app\admin\controller\Category::addsonArray() does not exist
[ 2016-11-08T13:26:30+08:00 ]EXCEPTION: Method app\admin\controller\Category::addsonArray() does not exist
[ 2016-11-08T13:51:22+08:00 ]EXCEPTION: INSERT INTO category (`cname`,`pid`,`sort`,`tid`) VALUES(?,?,?,?) ;BindParams:array (
  1 => 'sada',
  2 => NULL,
  3 => '2',
  4 => NULL,
)23000;1048;Le champ 'pid' ne peut être vide (null)
[ 2016-11-08T13:55:27+08:00 ]EXCEPTION: INSERT INTO category (`cname`,`pid`,`sort`,`tid`) VALUES(?,?,?,?) ;BindParams:array (
  1 => 'sdfs',
  2 => NULL,
  3 => '2',
  4 => NULL,
)23000;1048;Le champ 'pid' ne peut être vide (null)
[ 2016-11-08T13:56:52+08:00 ]EXCEPTION: INSERT INTO category (`cname`,`pid`,`sort`,`tid`) VALUES(?,?,?,?) ;BindParams:array (
  1 => '1',
  2 => '6',
  3 => '1',
  4 => NULL,
)23000;1048;Le champ 'tid' ne peut être vide (null)
[ 2016-11-08T13:58:14+08:00 ]EXCEPTION: INSERT INTO category (`cname`,`pid`,`sort`,`tid`) VALUES(?,?,?,?) ;BindParams:array (
  1 => '1',
  2 => '6',
  3 => '1',
  4 => NULL,
)23000;1048;Le champ 'tid' ne peut être vide (null)
[ 2016-11-08T14:19:45+08:00 ]EXCEPTION: show columns from core_attachment ;BindParams:array (
)42S02;1146;La table 'suning.core_attachment' n'existe pas
[ 2016-11-08T14:20:07+08:00 ]EXCEPTION: show columns from core_attachment ;BindParams:array (
)42S02;1146;La table 'suning.core_attachment' n'existe pas
[ 2016-11-08T14:20:22+08:00 ]EXCEPTION: show columns from core_attachment ;BindParams:array (
)42S02;1146;La table 'suning.core_attachment' n'existe pas
[ 2016-11-08T14:20:40+08:00 ]EXCEPTION: show columns from core_attachment ;BindParams:array (
)42S02;1146;La table 'suning.core_attachment' n'existe pas
[ 2016-11-08T14:23:12+08:00 ]EXCEPTION: show columns from core_attachment ;BindParams:array (
)42S02;1146;La table 'suning.core_attachment' n'existe pas
[ 2016-11-08T14:30:42+08:00 ]EXCEPTION: show columns from core_attachment ;BindParams:array (
)42S02;1146;La table 'suning.core_attachment' n'existe pas
[ 2016-11-08T14:31:22+08:00 ]EXCEPTION: show columns from core_attachment ;BindParams:array (
)42S02;1146;La table 'suning.core_attachment' n'existe pas
[ 2016-11-08T14:31:59+08:00 ]EXCEPTION: show columns from core_attachment ;BindParams:array (
)42S02;1146;La table 'suning.core_attachment' n'existe pas
[ 2016-11-08T14:33:36+08:00 ]EXCEPTION: show columns from core_attachment ;BindParams:array (
)42S02;1146;La table 'suning.core_attachment' n'existe pas
[ 2016-11-08T14:33:53+08:00 ]EXCEPTION: show columns from core_attachment ;BindParams:array (
)42S02;1146;La table 'suning.core_attachment' n'existe pas
[ 2016-11-08T14:35:35+08:00 ]EXCEPTION: show columns from core_attachment ;BindParams:array (
)42S02;1146;La table 'suning.core_attachment' n'existe pas
[ 2016-11-08T14:35:52+08:00 ]EXCEPTION: show columns from core_attachment ;BindParams:array (
)42S02;1146;La table 'suning.core_attachment' n'existe pas
[ 2016-11-08T14:36:06+08:00 ]EXCEPTION: show columns from core_attachment ;BindParams:array (
)42S02;1146;La table 'suning.core_attachment' n'existe pas
[ 2016-11-08T14:38:19+08:00 ]EXCEPTION: show columns from core_attachment ;BindParams:array (
)42S02;1146;La table 'suning.core_attachment' n'existe pas
[ 2016-11-08T14:38:32+08:00 ]EXCEPTION: show columns from core_attachment ;BindParams:array (
)42S02;1146;La table 'suning.core_attachment' n'existe pas
[ 2016-11-08T14:38:50+08:00 ]EXCEPTION: show columns from core_attachment ;BindParams:array (
)42S02;1146;La table 'suning.core_attachment' n'existe pas
[ 2016-11-08T14:39:16+08:00 ]EXCEPTION: show columns from core_attachment ;BindParams:array (
)42S02;1146;La table 'suning.core_attachment' n'existe pas
[ 2016-11-08T14:41:11+08:00 ]EXCEPTION: INSERT INTO brand (`bname`,`ishot`,`logo`,`sort`) VALUES(?,?,?,?) ;BindParams:array (
  1 => NULL,
  2 => '1',
  3 => 'attachment/2016/11/08/97361478587253.jpg',
  4 => NULL,
)23000;1048;Le champ 'bname' ne peut être vide (null)
[ 2016-11-08T15:13:11+08:00 ]EXCEPTION: DELETE FROM brand  WHERE aid = ? ;BindParams:array (
  1 => NULL,
)42S22;1054;Champ 'aid' inconnu dans where clause
